[2025-11-08 21:11:17] User Impact Cron started
[2025-11-08 21:11:28] User Impact Cron started
[2025-11-08 21:14:53] User Impact Cron started
[2025-11-08 21:14:54] User Impact Cron started
[2025-11-08 21:14:55] User Impact Cron started
[2025-11-08 21:14:55] User Impact Cron started
[2025-11-08 21:14:56] User Impact Cron started
[2025-11-08 21:14:57] User Impact Cron started

==============================
[2025-11-08 21:18:23] User Impact Cron started

==============================
[2025-11-08 21:20:33] User Impact Cron started

==============================
[2025-11-08 21:21:50] User Impact Cron started
✅ Step 1: PHP loaded successfully.
✅ Step 2: Database connected successfully.
🔄 Step 3: Wallet totals synced for 0 users.
✅ Step 4: Found 1 users with donation activity.
[2025-11-08 21:21:50] User #1 → +48 people | +57.0 impact | +2 communities | +57 packages | total=44293.00 | charities=3
✅ Step 5: Impact growth completed for 1 users.


==============================
[2025-11-08 21:22:27] User Impact Cron started
✅ Step 1: PHP loaded successfully.
✅ Step 2: Database connected successfully.
🔄 Step 3: Wallet totals synced for 0 users.
✅ Step 4: Found 1 users with donation activity.
[2025-11-08 21:22:27] User #1 → +16 people | +72.0 impact | +1 communities | +15 packages | total=44293.00 | charities=3
✅ Step 5: Impact growth completed for 1 users.


==============================
[2025-11-08 21:22:37] User Impact Cron started
✅ Step 1: PHP loaded successfully.
✅ Step 2: Database connected successfully.
🔄 Step 3: Wallet totals synced for 0 users.
✅ Step 4: Found 1 users with donation activity.
[2025-11-08 21:22:37] User #1 → +32 people | +55.7 impact | +1 communities | +42 packages | total=44293.00 | charities=3
✅ Step 5: Impact growth completed for 1 users.

