[2025-11-02 09:18:06] Email Sent | To: aleruchi0987@gmail.com | Template: logout_notification | Subject: Logout Confirmation
[2025-11-02 09:18:28] Email Sent | To: aleruchi0987@gmail.com | Template: login_alert | Subject: [Security Alert] New Login Detected on Your HealthRunCare Account
[2025-11-02 09:42:08] Email Sent | To: aleruchi0987@gmail.com | Template: donation_confirmed | Subject: Donation Confirmation, Thank You for Supporting Us
[2025-11-02 09:42:13] Email Sent | To: support@healthruncare.com | Template: admin_donation_notification | Subject: New Donation Received on HealthRunCare
[2025-11-02 09:45:09] Email Sent | To: aleruchi0987@gmail.com | Template: donation_confirmed | Subject: Donation Confirmation — Thank You for Your Support!
[2025-11-02 09:45:13] Email Sent | To: support@healthruncare.com | Template: admin_donation_notification | Subject: New Donation Received — HealthRunCare
[2025-11-02 12:08:23] Email Sent | To: aleruchi0987@gmail.com | Template: logout_notification | Subject: You Have Successfully Logged Out of Your HealthRunCare Account
[2025-11-02 12:15:47] Email Sent | To: aleruchi0987@gmail.com | Template: login_alert | Subject: [Security Alert] New Login Detected on Your HealthRunCare Account
[2025-11-02 12:16:47] Email Sent | To: aleruchi0987@gmail.com | Template: logout_notification | Subject: You Have Successfully Logged Out of Your HealthRunCare Account
[2025-11-02 12:19:39] Email Sent | To: aleruchi0987@gmail.com | Template: login_alert | Subject: [Security Alert] New Login Detected on Your HealthRunCare Account
[2025-11-02 12:19:53] Email Sent | To: aleruchi0987@gmail.com | Template: logout_notification | Subject: You Have Successfully Logged Out of Your HealthRunCare Account
[2025-11-02 12:26:41] Email Sent | To: aleruchi0987@gmail.com | Template: login_alert | Subject: [Security Alert] New Login Detected on Your HealthRunCare Account
[2025-11-02 12:26:51] Email Sent | To: aleruchi0987@gmail.com | Template: logout_notification | Subject: You Have Successfully Logged Out of Your HealthRunCare Account
[2025-11-02 12:33:19] Email Sent | To: aleruchi0987@gmail.com | Template: login_alert | Subject: [Security Alert] New Login Detected on Your HealthRunCare Account
[2025-11-02 12:33:31] Email Sent | To: aleruchi0987@gmail.com | Template: logout_notification | Subject: You Have Successfully Logged Out of Your HealthRunCare Account
[2025-11-02 13:45:07] Email Sent | To: aleruchi0987@gmail.com | Template: login_alert | Subject: [Security Alert] New Login Detected on Your HealthRunCare Account
[2025-11-02 13:54:43] Email Sent | To: aleruchi0987@gmail.com | Template: logout_notification | Subject: You Have Successfully Logged Out of Your HealthRunCare Account
[2025-11-02 13:54:58] Email Sent | To: aleruchi0987@gmail.com | Template: login_alert | Subject: [Security Alert] New Login Detected on Your HealthRunCare Account
[2025-11-02 13:55:36] Email Sent | To: aleruchi0987@gmail.com | Template: logout_notification | Subject: You Have Successfully Logged Out of Your HealthRunCare Account
[2025-11-02 13:55:48] Email Sent | To: aleruchi0987@gmail.com | Template: login_alert | Subject: [Security Alert] New Login Detected on Your HealthRunCare Account
[2025-11-02 13:55:59] Email Sent | To: aleruchi0987@gmail.com | Template: logout_notification | Subject: You Have Successfully Logged Out of Your HealthRunCare Account
[2025-11-02 14:40:44] Email Sent | To: aleruchi0987@gmail.com | Template: login_alert | Subject: [Security Alert] New Login Detected on Your HealthRunCare Account
[2025-11-02 14:41:00] Email Sent | To: aleruchi0987@gmail.com | Template: deposit_initiated | Subject: Deposit Request Received!
[2025-11-02 14:41:05] Email Sent | To: support@healthruncare.com | Template: admin_deposit_notification | Subject: New Deposit Request!
[2025-11-02 14:46:38] Email Sent | To: aleruchi0987@gmail.com | Template: donation_confirmed | Subject: Donation Confirmation! Thank You for Supporting Us
[2025-11-02 14:46:42] Email Sent | To: support@healthruncare.com | Template: admin_donation_notification | Subject: New Donation Received on HealthRunCare!
[2025-11-02 22:45:51] Email Sent | To: aleruchi0987@gmail.com | Template: investment_confirmed | Subject: Your Investment Has Been Started Successfully
[2025-11-02 22:45:56] Email Sent | To: support@healthruncare.com | Template: admin_investment_notification | Subject: New Investment Started on HealthRunCare
[2025-11-02 22:53:53] Email Sent | To: aleruchi0987@gmail.com | Template: investment_confirmed | Subject: Your Investment Has Been Started Successfully
[2025-11-02 22:53:57] Email Sent | To: support@healthruncare.com | Template: admin_investment_notification | Subject: New Investment Started on HealthRunCare
[2025-11-03 21:16:28] Email Sent | To: aleruchi0987@gmail.com | Template: login_alert | Subject: [Security Alert] New Login Detected on Your HealthRunCare Account
[2025-11-03 21:44:28] Email Sent | To: aleruchi0987@gmail.com | Template: investment_confirmed | Subject: Your Investment Has Been Started Successfully
[2025-11-03 21:44:32] Email Sent | To: support@healthruncare.com | Template: admin_investment_notification | Subject: New Investment Started on HealthRunCare
[2025-11-03 21:57:42] Email Sent | To: aleruchi0987@gmail.com | Template: holdlock_started | Subject: Your HoldLock Plan Has Been Activated
[2025-11-03 21:57:46] Email Sent | To: support@healthruncare.com | Template: admin_holdlock_notification | Subject: New HoldLock Plan Started
[2025-11-03 22:22:21] Email Sent | To: aleruchi0987@gmail.com | Template: holdlock_started | Subject: Your HoldLock Plan Has Been Activated
[2025-11-03 22:22:21] HoldLock user email SENT: user_id 1 | email: aleruchi0987@gmail.com | ref: HLD-A51D0FED71
[2025-11-03 22:22:25] Email Sent | To: support@healthruncare.com | Template: admin_holdlock_notification | Subject: New HoldLock Plan Started on HealthRunCare
[2025-11-03 22:22:25] HoldLock admin email SENT: ref HLD-A51D0FED71
[2025-11-03 22:28:25] Email Sent | To: aleruchi0987@gmail.com | Template: holdlock_started | Subject: Your HoldLock Plan Has Been Activated
[2025-11-03 22:28:25] HoldLock user email SENT: user_id 1 | email: aleruchi0987@gmail.com | ref: HLD-9438CEC008
[2025-11-03 22:28:29] Email Sent | To: support@healthruncare.com | Template: admin_holdlock_notification | Subject: New HoldLock Plan Started on HealthRunCare
[2025-11-03 22:28:29] HoldLock admin email SENT: ref HLD-9438CEC008
[2025-11-03 22:29:56] Email Sent | To: aleruchi0987@gmail.com | Template: investment_confirmed | Subject: Your Investment Has Been Started Successfully
[2025-11-03 22:30:01] Email Sent | To: support@healthruncare.com | Template: admin_investment_notification | Subject: New Investment Started on HealthRunCare
[2025-11-03 22:39:02] Email Sent | To: aleruchi0987@gmail.com | Template: holdlock_started | Subject: Your HoldLock Plan Has Been Activated
[2025-11-03 22:39:02] HoldLock user email SENT: user_id 1 | email: aleruchi0987@gmail.com | ref: HLD-16A96B06BB
[2025-11-03 22:39:07] Email Sent | To: support@healthruncare.com | Template: admin_holdlock_notification | Subject: New HoldLock Plan Started on HealthRunCare
[2025-11-03 22:39:07] HoldLock admin email SENT: ref HLD-16A96B06BB
[2025-11-04 09:28:00] Email Sent | To: aleruchi0987@gmail.com | Template: donation_confirmed | Subject: Donation Confirmation! Thank You for Supporting Us
[2025-11-04 09:28:04] Email Sent | To: support@healthruncare.com | Template: admin_donation_notification | Subject: New Donation Received on HealthRunCare!
[2025-11-04 09:29:34] Email Sent | To: aleruchi0987@gmail.com | Template: investment_confirmed | Subject: Your Investment Has Been Started Successfully
[2025-11-04 09:29:38] Email Sent | To: support@healthruncare.com | Template: admin_investment_notification | Subject: New Investment Started on HealthRunCare
[2025-11-04 09:30:04] Email Sent | To: aleruchi0987@gmail.com | Template: holdlock_started | Subject: Your HoldLock Plan Has Been Activated
[2025-11-04 09:30:04] HoldLock user email SENT: user_id 1 | email: aleruchi0987@gmail.com | ref: HLD-6C963DD8AA
[2025-11-04 09:30:09] Email Sent | To: support@healthruncare.com | Template: admin_holdlock_notification | Subject: New HoldLock Plan Started on HealthRunCare
[2025-11-04 09:30:09] HoldLock admin email SENT: ref HLD-6C963DD8AA
[2025-11-04 21:22:33] Email Sent | To: aleruchi0987@gmail.com | Template: login_alert | Subject: [Security Alert] New Login Detected on Your HealthRunCare Account
[2025-11-04 22:11:25] Email Sent | To: aleruchi0987@gmail.com | Template: trustfund_started | Subject: Your TrustFund Plan Has Been Activated
[2025-11-04 22:11:32] Email Sent | To: support@healthruncare.com | Template: admin_trustfund_notification | Subject: New TrustFund Plan Started on HealthRunCare
[2025-11-04 22:13:18] Email Sent | To: aleruchi0987@gmail.com | Template: trustfund_started | Subject: Your TrustFund Plan Has Been Activated
[2025-11-04 22:13:25] Email Sent | To: support@healthruncare.com | Template: admin_trustfund_notification | Subject: New TrustFund Plan Started on HealthRunCare
[2025-11-05 11:10:02] Email Sent | To: aleruchi0987@gmail.com | Template: trustfund_started | Subject: Your TrustFund Plan Has Been Activated
[2025-11-05 11:10:07] Email Sent | To: support@healthruncare.com | Template: admin_trustfund_notification | Subject: New TrustFund Plan Started on HealthRunCare
[2025-11-06 10:27:46] Email Sent | To: aleruchi0987@gmail.com | Template: login_alert | Subject: [Security Alert] New Login Detected on Your HealthRunCare Account
[2025-11-06 10:35:04] Email Sent | To: aleruchi0987@gmail.com | Template: trustfund_started | Subject: Your TrustFund Plan Has Been Activated
[2025-11-06 10:35:08] Email Sent | To: support@healthruncare.com | Template: admin_trustfund_notification | Subject: New TrustFund Plan Started on HealthRunCare
[2025-11-06 11:04:21] Email Sent | To: aleruchi0987@gmail.com | Template: trustfund_started | Subject: Your TrustFund Plan Has Been Activated
[2025-11-06 11:04:26] Email Sent | To: support@healthruncare.com | Template: admin_trustfund_notification | Subject: New TrustFund Plan Started on HealthRunCare
[2025-11-06 11:33:43] Email Sent | To: aleruchi0987@gmail.com | Template: logout_notification | Subject: You Have Successfully Logged Out of Your HealthRunCare Account
[2025-11-06 11:34:44] Email Sent | To: aleruchi0987@gmail.com | Template: login_alert | Subject: [Security Alert] New Login Detected on Your HealthRunCare Account
[2025-11-06 11:58:00] Email Sent | To: aleruchi0987@gmail.com | Template: logout_notification | Subject: You Have Successfully Logged Out of Your HealthRunCare Account
[2025-11-06 11:58:17] Email Sent | To: aleruchi0987@gmail.com | Template: login_alert | Subject: [Security Alert] New Login Detected on Your HealthRunCare Account
[2025-11-06 12:59:40] Email Sent | To: aleruchi0987@gmail.com | Template: logout_notification | Subject: You Have Successfully Logged Out of Your HealthRunCare Account
[2025-11-06 13:04:07] Email Sent | To: aleruchi0987@gmail.com | Template: login_alert | Subject: [Security Alert] New Login Detected on Your HealthRunCare Account
[2025-11-07 09:17:14] Email Sent | To: aleruchi0987@gmail.com | Template: infrastructure_started | Subject: Your Infrastructure Investment Has Been Activated
[2025-11-07 09:17:18] Email Sent | To: support@healthruncare.com | Template: admin_infrastructure_notification | Subject: New Infrastructure Investment on HealthRunCare
[2025-11-07 15:26:08] Email Sent | To: aleruchi0987@gmail.com | Template: login_alert | Subject: [Security Alert] New Login Detected on Your HealthRunCare Account
[2025-11-07 17:50:48] Email Sent | To: aleruchi0987@gmail.com | Template: maintenance_started | Subject: Your Maintenance & Development Plan Has Been Activated
[2025-11-07 17:50:53] Email Sent | To: support@healthruncare.com | Template: admin_maintenance_notification | Subject: New Maintenance Development Plan Activated
[2025-11-07 17:51:22] Email Sent | To: aleruchi0987@gmail.com | Template: maintenance_started | Subject: Your Maintenance & Development Plan Has Been Activated
[2025-11-07 17:51:27] Email Sent | To: support@healthruncare.com | Template: admin_maintenance_notification | Subject: New Maintenance Development Plan Activated
[2025-11-07 18:07:16] Email Sent | To: aleruchi0987@gmail.com | Template: maintenance_started | Subject: Your Maintenance & Development Plan Has Been Activated
[2025-11-07 18:07:21] Email Sent | To: support@healthruncare.com | Template: admin_maintenance_notification | Subject: New Maintenance Development Plan Activated
[2025-11-07 18:13:30] Email Sent | To: aleruchi0987@gmail.com | Template: maintenance_started | Subject: Your Maintenance & Development Plan Has Been Activated
[2025-11-07 18:13:34] Email Sent | To: support@healthruncare.com | Template: admin_maintenance_notification | Subject: New Maintenance Development Plan Activated
[2025-11-07 18:20:33] Email Sent | To: aleruchi0987@gmail.com | Template: maintenance_started | Subject: Your Maintenance & Development Plan Has Been Activated
[2025-11-07 18:20:37] Email Sent | To: support@healthruncare.com | Template: admin_maintenance_notification | Subject: New Maintenance Development Plan Activated
[2025-11-07 18:32:54] Email Sent | To: aleruchi0987@gmail.com | Template: maintenance_started | Subject: Your Maintenance & Development Plan Has Been Activated
[2025-11-07 18:32:58] Email Sent | To: support@healthruncare.com | Template: admin_maintenance_notification | Subject: New Maintenance Development Plan Activated
[2025-11-07 18:38:38] Email Sent | To: aleruchi0987@gmail.com | Template: maintenance_started | Subject: Your Maintenance & Development Plan Has Been Activated
[2025-11-07 18:38:42] Email Sent | To: support@healthruncare.com | Template: admin_maintenance_notification | Subject: New Maintenance Development Plan Activated
[2025-11-07 19:09:03] Email Sent | To: aleruchi0987@gmail.com | Template: logout_notification | Subject: You Have Successfully Logged Out of Your HealthRunCare Account
[2025-11-07 19:09:14] Email Sent | To: aleruchi0987@gmail.com | Template: login_alert | Subject: [Security Alert] New Login Detected on Your HealthRunCare Account
[2025-11-07 19:09:30] Email Sent | To: aleruchi0987@gmail.com | Template: login_alert | Subject: [Security Alert] New Login Detected on Your HealthRunCare Account
[2025-11-07 19:10:48] Email Sent | To: aleruchi0987@gmail.com | Template: login_alert | Subject: [Security Alert] New Login Detected on Your HealthRunCare Account
[2025-11-07 20:47:03] Email Sent | To: aleruchi0987@gmail.com | Template: login_alert | Subject: [Security Alert] New Login Detected on Your HealthRunCare Account
[2025-11-07 20:48:49] Email Sent | To: aleruchi0987@gmail.com | Template: maintenance_started | Subject: Your Maintenance & Development Plan Has Been Activated
[2025-11-07 20:48:54] Email Sent | To: support@healthruncare.com | Template: admin_maintenance_notification | Subject: New Maintenance Development Plan Activated
[2025-11-07 21:34:54] Email Sent | To: aleruchi0987@gmail.com | Template: deposit_initiated | Subject: Deposit Request Received!
[2025-11-07 21:34:58] Email Sent | To: support@healthruncare.com | Template: admin_deposit_notification | Subject: New Deposit Request!
[2025-11-07 22:05:18] Email Sent | To: aleruchi0987@gmail.com | Template: logout_notification | Subject: You Have Successfully Logged Out of Your HealthRunCare Account
[2025-11-08 09:16:36] ERROR: Email send failed: SMTP Error: Could not connect to SMTP host. Failed to connect to server | PHPMailerError: SMTP Error: Could not connect to SMTP host. Failed to connect to server SMTP server error: Failed to connect to server Additional SMTP info: php_network_getaddresses: getaddrinfo for mail.spacemail.com failed: No such host is known. 
[2025-11-08 09:17:35] ERROR: Email send failed: SMTP Error: Could not connect to SMTP host. Failed to connect to server | PHPMailerError: SMTP Error: Could not connect to SMTP host. Failed to connect to server SMTP server error: Failed to connect to server Additional SMTP info: php_network_getaddresses: getaddrinfo for mail.spacemail.com failed: No such host is known. 
[2025-11-08 16:31:27] Email Sent | To: aleruchi0987@gmail.com | Template: login_alert | Subject: [Security Alert] New Login Detected on Your HealthRunCare Account
[2025-11-08 16:34:37] Email Sent | To: aleruchi0987@gmail.com | Template: login_alert | Subject: [Security Alert] New Login Detected on Your HealthRunCare Account
[2025-11-08 16:37:21] Email Sent | To: aleruchi0987@gmail.com | Template: login_alert | Subject: [Security Alert] New Login Detected on Your HealthRunCare Account
[2025-11-08 21:31:15] Email Sent | To: aleruchi0987@gmail.com | Template: weekly_investment_update | Subject: Weekly ROI Update — HealthRunCare Investment
[2025-11-08 21:31:19] Email Sent | To: aleruchi0987@gmail.com | Template: weekly_investment_update | Subject: Weekly ROI Update — HealthRunCare Investment
[2025-11-08 21:31:23] Email Sent | To: aleruchi0987@gmail.com | Template: weekly_investment_update | Subject: Weekly ROI Update — HealthRunCare Investment
[2025-11-08 21:31:27] Email Sent | To: aleruchi0987@gmail.com | Template: weekly_investment_update | Subject: Weekly ROI Update — HealthRunCare Investment
[2025-11-08 21:31:31] Email Sent | To: aleruchi0987@gmail.com | Template: weekly_investment_update | Subject: Weekly ROI Update — HealthRunCare Investment
[2025-11-08 22:09:51] ERROR: Email send failed: Message body empty | PHPMailerError: Message body empty
[2025-11-08 22:15:55] ERROR: Email send failed: Message body empty | PHPMailerError: Message body empty
[2025-11-08 22:17:33] Email Sent | To: aleruchi0987@gmail.com | Template: trustfund_matured | Subject: Your TrustFund Plan Has Matured — Funds Credited!
[2025-11-08 22:17:33] ERROR: Email send failed: Message body empty | PHPMailerError: Message body empty
[2025-11-08 22:40:00] Email Sent | To: aleruchi0987@gmail.com | Template: trustfund_matured | Subject: Your TrustFund Plan Has Matured — Funds Credited!
[2025-11-08 22:48:58] Email Sent | To: aleruchi0987@gmail.com | Template: maintenance_matured | Subject: Your Maintenance Development Plan Has Matured — Funds Credited!
[2025-11-08 22:49:02] Email Sent | To: support@healthruncare.com | Template: admin_maintenance_notification | Subject: New Maintenance Development Plan Activated
[2025-11-08 23:55:51] Email Sent | To: aleruchi0987@gmail.com | Template: logout_notification | Subject: You Have Successfully Logged Out of Your HealthRunCare Account
[2025-11-09 00:09:04] Email Sent | To: mrwayne@bat.com | Template: login_alert | Subject: [Security Alert] New Login Detected on Your HealthRunCare Account
[2025-11-09 09:39:04] Email Sent | To: mrwayne@bat.com | Template: investment_confirmed | Subject: Your Investment Has Been Started Successfully
[2025-11-09 09:39:08] Email Sent | To: support@healthruncare.com | Template: admin_investment_notification | Subject: New Investment Started on HealthRunCare
[2025-11-09 09:42:05] Email Sent | To: mrwayne@bat.com | Template: logout_notification | Subject: You Have Successfully Logged Out of Your HealthRunCare Account
[2025-11-09 11:08:22] Email Sent | To: mrwayne@bat.com | Template: login_alert | Subject: [Security Alert] New Login Detected on Your HealthRunCare Account
[2025-11-09 11:09:40] Email Sent | To: mrwayne@bat.com | Template: logout_notification | Subject: You Have Successfully Logged Out of Your HealthRunCare Account
[2025-11-09 14:29:36] Email Sent | To: mrwayne@bat.com | Template: login_alert | Subject: [Security Alert] New Login Detected on Your HealthRunCare Account
[2025-11-09 21:13:46] Email Sent | To: mrwayne@bat.com | Template: logout_notification | Subject: You Have Successfully Logged Out of Your HealthRunCare Account
[2025-11-09 21:18:16] Email Sent | To: mrwayne@bat.com | Template: login_alert | Subject: [Security Alert] New Login Detected on Your HealthRunCare Account
[2025-11-09 21:18:35] Email Sent | To: mrwayne@bat.com | Template: logout_notification | Subject: You Have Successfully Logged Out of Your HealthRunCare Account
[2025-11-09 21:19:05] Email Sent | To: mrwayne@bat.com | Template: login_alert | Subject: [Security Alert] New Login Detected on Your HealthRunCare Account
[2025-11-09 21:19:14] Email Sent | To: mrwayne@bat.com | Template: logout_notification | Subject: You Have Successfully Logged Out of Your HealthRunCare Account
[2025-11-09 21:21:45] Email Sent | To: mrwayne@bat.com | Template: login_alert | Subject: [Security Alert] New Login Detected on Your HealthRunCare Account
[2025-11-10 21:36:42] Email Sent | To: mrwayne@bat.com | Template: login_alert | Subject: [Security Alert] New Login Detected on Your HealthRunCare Account
[2025-11-10 22:01:16] Email Sent | To: mrwayne@bat.com | Template: logout_notification | Subject: You Have Successfully Logged Out of Your HealthRunCare Account
[2025-11-10 22:28:37] Email Sent | To: mrwayne@bat.com | Template: login_alert | Subject: [Security Alert] New Login Detected on Your HealthRunCare Account
[2025-11-11 11:59:21] Email Sent | To: mrwayne@bat.com | Template: donation_confirmed | Subject: Donation Confirmation! Thank You for Supporting Us
[2025-11-11 11:59:26] Email Sent | To: support@healthruncare.com | Template: admin_donation_notification | Subject: New Donation Received on HealthRunCare!
[2025-11-11 18:17:38] Email Sent | To: mrwayne@bat.com | Template: logout_notification | Subject: You Have Successfully Logged Out of Your HealthRunCare Account
[2025-11-12 15:22:41] ERROR: Email send failed: Message body empty | PHPMailerError: Message body empty
[2025-11-12 18:49:27] ERROR: Email send failed: Message body empty | PHPMailerError: Message body empty
[2025-11-12 19:46:28] Email Sent | To: mrwayne@bat.com | Template: login_alert | Subject: [Security Alert] New Login Detected on Your HealthRunCare Account
[2025-11-12 19:46:31] Email Sent | To: support@healthruncare.com | Template: admin_user_login_notification | Subject: [User Login Alert] A User Has Just Logged In
[2025-11-12 19:51:03] Email Sent | To: aleruchi0987@gmail.com | Template: logout_notification | Subject: You Have Successfully Logged Out of Your HealthRunCare Account
[2025-11-12 19:51:11] Email Sent | To: aleruchi0987@gmail.com | Template: login_alert | Subject: [Security Alert] New Login Detected on Your HealthRunCare Account
[2025-11-12 19:51:15] Email Sent | To: support@healthruncare.com | Template: admin_user_login_notification | Subject: [User Login Alert] A User Has Just Logged In
[2025-11-12 19:51:38] Email Sent | To: aleruchi0987@gmail.com | Template: login_alert | Subject: [Security Alert] New Login Detected on Your HealthRunCare Account
[2025-11-12 19:51:42] Email Sent | To: support@healthruncare.com | Template: admin_user_login_notification | Subject: [User Login Alert] A User Has Just Logged In
[2025-11-12 19:53:40] Email Sent | To: aleruchi0987@gmail.com | Template: logout_notification | Subject: You Have Successfully Logged Out of Your HealthRunCare Account
[2025-11-12 19:53:48] Email Sent | To: aleruchi0987@gmail.com | Template: login_alert | Subject: [Security Alert] New Login Detected on Your HealthRunCare Account
[2025-11-12 19:53:52] Email Sent | To: support@healthruncare.com | Template: admin_user_login_notification | Subject: [User Login Alert] A User Has Just Logged In
[2025-11-12 19:54:05] Email Sent | To: aleruchi0987@gmail.com | Template: login_alert | Subject: [Security Alert] New Login Detected on Your HealthRunCare Account
[2025-11-12 19:54:09] Email Sent | To: support@healthruncare.com | Template: admin_user_login_notification | Subject: [User Login Alert] A User Has Just Logged In
[2025-11-12 19:54:54] Email Sent | To: aleruchi0987@gmail.com | Template: login_alert | Subject: [Security Alert] New Login Detected on Your HealthRunCare Account
[2025-11-12 19:54:58] Email Sent | To: support@healthruncare.com | Template: admin_user_login_notification | Subject: [User Login Alert] A User Has Just Logged In
[2025-11-12 19:58:49] Email Sent | To: aleruchi0987@gmail.com | Template: login_alert | Subject: [Security Alert] New Login Detected on Your HealthRunCare Account
[2025-11-12 19:58:53] Email Sent | To: support@healthruncare.com | Template: admin_user_login_notification | Subject: [User Login Alert] A User Has Just Logged In
[2025-11-12 19:59:01] Email Sent | To: aleruchi0987@gmail.com | Template: login_alert | Subject: [Security Alert] New Login Detected on Your HealthRunCare Account
[2025-11-12 19:59:05] Email Sent | To: support@healthruncare.com | Template: admin_user_login_notification | Subject: [User Login Alert] A User Has Just Logged In
[2025-11-12 20:07:12] Email Sent | To: aleruchi0987@gmail.com | Template: login_alert | Subject: [Security Alert] New Login Detected on Your HealthRunCare Account
[2025-11-12 20:07:16] Email Sent | To: support@healthruncare.com | Template: admin_user_login_notification | Subject: [User Login Alert] A User Has Just Logged In
[2025-11-12 20:07:27] Email Sent | To: aleruchi0987@gmail.com | Template: login_alert | Subject: [Security Alert] New Login Detected on Your HealthRunCare Account
[2025-11-12 20:07:32] Email Sent | To: support@healthruncare.com | Template: admin_user_login_notification | Subject: [User Login Alert] A User Has Just Logged In
[2025-11-12 20:12:01] Email Sent | To: aleruchi0987@gmail.com | Template: login_alert | Subject: [Security Alert] New Login Detected on Your HealthRunCare Account
[2025-11-12 20:12:05] Email Sent | To: support@healthruncare.com | Template: admin_user_login_notification | Subject: [User Login Alert] A User Has Just Logged In
[2025-11-12 20:20:53] Email Sent | To: aleruchi0987@gmail.com | Template: login_alert | Subject: [Security Alert] New Login Detected on Your HealthRunCare Account
[2025-11-12 20:20:57] Email Sent | To: support@healthruncare.com | Template: admin_user_login_notification | Subject: [User Login Alert] A User Has Just Logged In
[2025-11-12 20:26:10] Email Sent | To: aleruchi0987@gmail.com | Template: login_alert | Subject: [Security Alert] New Login Detected on Your HealthRunCare Account
[2025-11-12 20:26:16] Email Sent | To: support@healthruncare.com | Template: admin_user_login_notification | Subject: [User Login Alert] A User Has Just Logged In
[2025-11-12 22:46:27] SENT → aleruchi0987@gmail.com | Template: logout_notification | Subject: You Have Successfully Logged Out of Your HealthRunCare Account
[2025-11-12 22:47:40] SENT → aleruchi0987@gmail.com | Template: login_alert | Subject: [Security Alert] New Login Detected on Your HealthRunCare Account
[2025-11-12 22:47:44] SENT → support@healthruncare.com | Template: admin_user_login_notification | Subject: [User Login Alert] A User Has Just Logged In
[2025-11-12 22:49:03] SENT → aleruchi0987@gmail.com | Template: donation_confirmed | Subject: Donation Confirmation! Thank You for Supporting Us
[2025-11-12 22:49:07] SENT → support@healthruncare.com | Template: admin_donation_notification | Subject: New Donation Received on HealthRunCare!
[2025-11-12 22:50:23] SENT → aleruchi0987@gmail.com | Template: trustfund_started | Subject: Your TrustFund Plan Has Been Activated
[2025-11-12 22:50:27] SENT → support@healthruncare.com | Template: admin_trustfund_notification | Subject: New TrustFund Plan Started on HealthRunCare
[2025-11-13 10:19:13] ERROR → aleruchi0987@gmail.com | SMTP Error: Could not connect to SMTP host. Failed to connect to server | Mailer: SMTP Error: Could not connect to SMTP host. Failed to connect to server SMTP server error: Failed to connect to server Additional SMTP info: php_network_getaddresses: getaddrinfo for mail.spacemail.com failed: No such host is known. 
[2025-11-13 10:20:17] SENT → aleruchi0987@gmail.com | Template: admin_login_alert | Subject: [Admin Security Alert] New Login to Your HealthRunCare Admin Account
[2025-11-13 10:21:35] SENT → aleruchi0987@gmail.com | Template: logout_notification | Subject: You Have Successfully Logged Out of Your HealthRunCare Account
[2025-11-13 10:21:45] SENT → aleruchi0987@gmail.com | Template: login_alert | Subject: [Security Alert] New Login Detected on Your HealthRunCare Account
[2025-11-13 10:21:49] SENT → support@healthruncare.com | Template: admin_user_login_notification | Subject: [User Login Alert] A User Has Just Logged In
[2025-11-14 12:54:53] SENT → aleruchi0987@gmail.com | Template: donation_confirmed | Subject: Donation Confirmation! Thank You for Supporting Us
[2025-11-14 12:54:58] SENT → support@healthruncare.com | Template: admin_donation_notification | Subject: New Donation Received on HealthRunCare!
[2025-11-14 13:04:23] SENT → aleruchi0987@gmail.com | Template: logout_notification | Subject: You Have Successfully Logged Out of Your HealthRunCare Account
[2025-11-14 13:24:49] ERROR → aleruchi0987@gmail.com | SMTP Error: data not accepted. | Mailer: SMTP Error: data not accepted. SMTP server error: DATA END command failed
[2025-11-15 11:37:24] SENT → aleruchi0987@gmail.com | Template: login_alert | Subject: [Security Alert] New Login Detected on Your HealthRunCare Account
[2025-11-15 11:37:28] SENT → support@healthruncare.com | Template: admin_user_login_notification | Subject: [User Login Alert] A User Has Just Logged In
[2025-11-15 11:37:41] SENT → aleruchi0987@gmail.com | Template: logout_notification | Subject: You Have Successfully Logged Out of Your HealthRunCare Account
[2025-11-15 11:38:13] SENT → aleruchi0987@gmail.com | Template: admin_login_alert | Subject: [Admin Security Alert] New Login to Your HealthRunCare Admin Account
[2025-11-15 15:03:29] SENT → aleruchi0987@gmail.com | Template: login_alert | Subject: [Security Alert] New Login Detected on Your HealthRunCare Account
[2025-11-15 15:03:34] SENT → support@healthruncare.com | Template: admin_user_login_notification | Subject: [User Login Alert] A User Has Just Logged In
[2025-11-15 15:03:54] SENT → aleruchi0987@gmail.com | Template: login_alert | Subject: [Security Alert] New Login Detected on Your HealthRunCare Account
[2025-11-15 15:03:58] SENT → support@healthruncare.com | Template: admin_user_login_notification | Subject: [User Login Alert] A User Has Just Logged In
[2025-11-15 15:18:08] SENT → aleruchi0987@gmail.com | Template: logout_notification | Subject: You Have Successfully Logged Out of Your HealthRunCare Account
[2025-11-15 15:18:29] SENT → aleruchi0987@gmail.com | Template: admin_login_alert | Subject: [Admin Security Alert] New Login to Your HealthRunCare Admin Account
[2025-11-16 09:58:34] ERROR → aleruchi0987@gmail.com | SMTP Error: Could not connect to SMTP host. Failed to connect to server | Mailer: SMTP Error: Could not connect to SMTP host. Failed to connect to server SMTP server error: Failed to connect to server Additional SMTP info: php_network_getaddresses: getaddrinfo for mail.spacemail.com failed: No such host is known. 
[2025-11-16 18:18:04] SENT → aleruchi0987@gmail.com | Template: admin_login_alert | Subject: [Admin Security Alert] New Login to Your HealthRunCare Admin Account
[2025-11-16 22:52:03] SENT → aleruchi0987@gmail.com | Template: login_alert | Subject: [Security Alert] New Login Detected on Your HealthRunCare Account
[2025-11-16 22:52:09] SENT → support@healthruncare.com | Template: admin_user_login_notification | Subject: [User Login Alert] A User Has Just Logged In
[2025-11-16 23:27:30] SENT → aleruchi0987@gmail.com | Template: logout_notification | Subject: You Have Successfully Logged Out of Your HealthRunCare Account
[2025-11-16 23:27:47] SENT → aleruchi0987@gmail.com | Template: admin_login_alert | Subject: [Admin Security Alert] New Login to Your HealthRunCare Admin Account
[2025-11-17 02:05:13] SENT → aleruchi0987@gmail.com | Template: logout_notification | Subject: You Have Successfully Logged Out of Your HealthRunCare Account
[2025-11-17 02:05:48] SENT → aleruchi0987@gmail.com | Template: admin_login_alert | Subject: [Admin Security Alert] New Login to Your HealthRunCare Admin Account
[2025-11-17 11:33:09] SENT → aleruchi0987@gmail.com | Template: login_alert | Subject: [Security Alert] New Login Detected on Your HealthRunCare Account
[2025-11-17 11:33:13] SENT → support@healthruncare.com | Template: admin_user_login_notification | Subject: [User Login Alert] A User Has Just Logged In
[2025-11-17 11:54:53] SENT → aleruchi0987@gmail.com | Template: logout_notification | Subject: You Have Successfully Logged Out of Your HealthRunCare Account
[2025-11-17 11:59:39] SENT → aleruchi0987@gmail.com | Template: login_alert | Subject: [Security Alert] New Login Detected on Your HealthRunCare Account
[2025-11-17 11:59:43] SENT → support@healthruncare.com | Template: admin_user_login_notification | Subject: [User Login Alert] A User Has Just Logged In
[2025-11-17 12:13:59] SENT → aleruchi0987@gmail.com | Template: donation_confirmed | Subject: Donation Confirmation! Thank You for Supporting Us
[2025-11-17 12:14:03] SENT → support@healthruncare.com | Template: admin_donation_notification | Subject: New Donation Received on HealthRunCare!
[2025-11-17 12:22:06] SENT → aleruchi0987@gmail.com | Template: logout_notification | Subject: You Have Successfully Logged Out of Your HealthRunCare Account
[2025-11-17 12:22:21] SENT → aleruchi0987@gmail.com | Template: admin_login_alert | Subject: [Admin Security Alert] New Login to Your HealthRunCare Admin Account
[2025-11-19 13:08:20] SENT → aleruchi0987@gmail.com | Template: login_alert | Subject: [Security Alert] New Login Detected on Your HealthRunCare Account
[2025-11-19 13:08:24] SENT → support@healthruncare.com | Template: admin_user_login_notification | Subject: [User Login Alert] A User Has Just Logged In
[2025-11-19 13:20:49] SENT → aleruchi0987@gmail.com | Template: logout_notification | Subject: You Have Successfully Logged Out of Your HealthRunCare Account
[2025-11-19 13:21:06] SENT → aleruchi0987@gmail.com | Template: admin_login_alert | Subject: [Admin Security Alert] New Login to Your HealthRunCare Admin Account
[2025-11-19 15:09:07] SENT → aleruchi0987@gmail.com | Template: admin_login_alert | Subject: [Admin Security Alert] New Login to Your HealthRunCare Admin Account
[2025-11-19 15:12:49] SENT → aleruchi0987@gmail.com | Template: admin_login_alert | Subject: [Admin Security Alert] New Login to Your HealthRunCare Admin Account
[2025-11-19 20:50:47] SENT → aleruchi0987@gmail.com | Template: generic | Subject: Hello
[2025-11-20 08:17:15] SENT → aleruchi0987@gmail.com | Template: admin_broadcast | Subject: testing
[2025-11-20 10:01:26] SENT → aleruchi0987@gmail.com | Template: admin_login_alert | Subject: [Admin Security Alert] New Login to Your HealthRunCare Admin Account
[2025-11-20 10:03:50] SENT → davidurowayino255@gmail.com | Template: welcome_user | Subject: Welcome to HealthRunCare!
[2025-11-20 10:04:53] SENT → davidurowayino255@gmail.com | Template: deposit_initiated | Subject: Deposit Request Received!
[2025-11-20 10:04:57] SENT → support@healthruncare.com | Template: admin_deposit_notification | Subject: New Deposit Request!
[2025-11-20 10:05:38] SENT → davidurowayino255@gmail.com | Template: logout_notification | Subject: You Have Successfully Logged Out of Your HealthRunCare Account
[2025-11-20 10:06:05] SENT → aleruchi0987@gmail.com | Template: admin_login_alert | Subject: [Admin Security Alert] New Login to Your HealthRunCare Admin Account
[2025-11-20 10:06:44] SENT → aleruchi0987@gmail.com | Template: admin_broadcast | Subject: Testing Mail
[2025-11-20 10:06:48] SENT → davidurowayino255@gmail.com | Template: admin_broadcast | Subject: Testing Mail
[2025-11-20 12:33:59] SENT → aleruchi0987@gmail.com | Template: admin_login_alert | Subject: [Admin Security Alert] New Login to Your HealthRunCare Admin Account
[2025-11-20 23:17:58] ERROR → aleruchi0987@gmail.com | SMTP Error: Could not connect to SMTP host. Failed to connect to server | Mailer: SMTP Error: Could not connect to SMTP host. Failed to connect to server SMTP server error: Failed to connect to server Additional SMTP info: php_network_getaddresses: getaddrinfo for mail.spacemail.com failed: No such host is known. 
[2025-11-20 23:21:06] ERROR → aleruchi0987@gmail.com | SMTP Error: Could not connect to SMTP host. Failed to connect to server | Mailer: SMTP Error: Could not connect to SMTP host. Failed to connect to server SMTP server error: Failed to connect to server Additional SMTP info: php_network_getaddresses: getaddrinfo for mail.spacemail.com failed: No such host is known. 
[2025-11-21 10:09:12] SENT → aleruchi0987@gmail.com | Template: admin_broadcast | Subject: Hello
[2025-11-21 10:34:31] SENT → aleruchi0987@gmail.com | Template: admin_login_alert | Subject: [Admin Security Alert] New Login to Your HealthRunCare Admin Account
[2025-11-21 10:45:46] SENT → aleruchi0987@gmail.com | Template: login_alert | Subject: [Security Alert] New Login Detected on Your HealthRunCare Account
[2025-11-21 10:45:50] SENT → support@healthruncare.com | Template: admin_user_login_notification | Subject: [User Login Alert] A User Has Just Logged In
[2025-11-21 10:45:58] SENT → aleruchi0987@gmail.com | Template: login_alert | Subject: [Security Alert] New Login Detected on Your HealthRunCare Account
[2025-11-21 10:46:03] SENT → support@healthruncare.com | Template: admin_user_login_notification | Subject: [User Login Alert] A User Has Just Logged In
[2025-11-21 10:50:44] SENT → aleruchi0987@gmail.com | Template: logout_notification | Subject: You Have Successfully Logged Out of Your HealthRunCare Account
[2025-11-21 10:50:59] SENT → aleruchi0987@gmail.com | Template: admin_login_alert | Subject: [Admin Security Alert] New Login to Your HealthRunCare Admin Account
[2025-11-21 23:17:21] SENT → aleruchi0987@gmail.com | Template: login_alert | Subject: [Security Alert] New Login Detected on Your HealthRunCare Account
[2025-11-21 23:17:25] SENT → support@healthruncare.com | Template: admin_user_login_notification | Subject: [User Login Alert] A User Has Just Logged In
[2025-11-21 23:19:04] SENT → aleruchi0987@gmail.com | Template: login_alert | Subject: [Security Alert] New Login Detected on Your HealthRunCare Account
[2025-11-21 23:19:08] SENT → support@healthruncare.com | Template: admin_user_login_notification | Subject: [User Login Alert] A User Has Just Logged In
[2025-11-21 23:19:37] SENT → aleruchi0987@gmail.com | Template: logout_notification | Subject: You Have Successfully Logged Out of Your HealthRunCare Account
[2025-11-21 23:19:56] SENT → aleruchi0987@gmail.com | Template: admin_login_alert | Subject: [Admin Security Alert] New Login to Your HealthRunCare Admin Account
[2025-11-21 23:24:22] SENT → aleruchi0987@gmail.com | Template: admin_login_alert | Subject: [Admin Security Alert] New Login to Your HealthRunCare Admin Account
[2025-11-22 12:07:03] SENT → aleruchi0987@gmail.com | Template: investment_confirmed | Subject: Your Investment Has Been Started Successfully
[2025-11-22 12:07:07] SENT → support@healthruncare.com | Template: admin_investment_notification | Subject: New Investment Started on HealthRunCare
[2025-11-22 12:43:22] SENT → aleruchi0987@gmail.com | Template: logout_notification | Subject: You Have Successfully Logged Out of Your HealthRunCare Account
[2025-11-22 12:43:45] SENT → aleruchi0987@gmail.com | Template: admin_login_alert | Subject: [Admin Security Alert] New Login to Your HealthRunCare Admin Account
[2025-11-22 13:28:14] SENT → aleruchi0987@gmail.com | Template: login_alert | Subject: [Security Alert] New Login Detected on Your HealthRunCare Account
[2025-11-22 13:28:18] SENT → support@healthruncare.com | Template: admin_user_login_notification | Subject: [User Login Alert] A User Has Just Logged In
[2025-11-22 13:28:33] SENT → aleruchi0987@gmail.com | Template: login_alert | Subject: [Security Alert] New Login Detected on Your HealthRunCare Account
[2025-11-22 13:28:37] SENT → support@healthruncare.com | Template: admin_user_login_notification | Subject: [User Login Alert] A User Has Just Logged In
[2025-11-22 14:20:17] SENT → aleruchi0987@gmail.com | Template: trustfund_started | Subject: Your TrustFund Plan Has Been Activated
[2025-11-22 14:20:21] SENT → support@healthruncare.com | Template: admin_trustfund_notification | Subject: New TrustFund Plan Started on HealthRunCare
[2025-11-22 14:26:32] SENT → aleruchi0987@gmail.com | Template: trustfund_started | Subject: Your TrustFund Plan Has Been Activated
[2025-11-22 14:26:36] SENT → support@healthruncare.com | Template: admin_trustfund_notification | Subject: New TrustFund Plan Started on HealthRunCare
[2025-11-22 14:27:04] SENT → aleruchi0987@gmail.com | Template: trustfund_started | Subject: Your TrustFund Plan Has Been Activated
[2025-11-22 14:27:08] SENT → support@healthruncare.com | Template: admin_trustfund_notification | Subject: New TrustFund Plan Started on HealthRunCare
[2025-11-22 14:30:06] SENT → aleruchi0987@gmail.com | Template: trustfund_started | Subject: Your TrustFund Plan Has Been Activated
[2025-11-22 14:30:10] SENT → support@healthruncare.com | Template: admin_trustfund_notification | Subject: New TrustFund Plan Started on HealthRunCare
[2025-11-22 14:36:04] SENT → aleruchi0987@gmail.com | Template: trustfund_started | Subject: Your TrustFund Plan Has Been Activated
[2025-11-22 14:36:08] SENT → support@healthruncare.com | Template: admin_trustfund_notification | Subject: New TrustFund Plan Started on HealthRunCare
[2025-11-22 14:36:46] SENT → aleruchi0987@gmail.com | Template: logout_notification | Subject: You Have Successfully Logged Out of Your HealthRunCare Account
[2025-11-22 14:37:00] SENT → aleruchi0987@gmail.com | Template: admin_login_alert | Subject: [Admin Security Alert] New Login to Your HealthRunCare Admin Account
[2025-11-22 14:39:19] SENT → aleruchi0987@gmail.com | Template: login_alert | Subject: [Security Alert] New Login Detected on Your HealthRunCare Account
[2025-11-22 14:39:23] SENT → support@healthruncare.com | Template: admin_user_login_notification | Subject: [User Login Alert] A User Has Just Logged In
[2025-11-22 14:39:31] SENT → aleruchi0987@gmail.com | Template: login_alert | Subject: [Security Alert] New Login Detected on Your HealthRunCare Account
[2025-11-22 14:39:35] SENT → support@healthruncare.com | Template: admin_user_login_notification | Subject: [User Login Alert] A User Has Just Logged In
[2025-11-22 14:44:03] SENT → aleruchi0987@gmail.com | Template: trustfund_started | Subject: Your TrustFund Plan Has Been Activated
[2025-11-22 14:44:07] SENT → support@healthruncare.com | Template: admin_trustfund_notification | Subject: New TrustFund Plan Started on HealthRunCare
[2025-11-22 14:45:59] SENT → aleruchi0987@gmail.com | Template: logout_notification | Subject: You Have Successfully Logged Out of Your HealthRunCare Account
[2025-11-22 14:47:07] SENT → aleruchi0987@gmail.com | Template: admin_login_alert | Subject: [Admin Security Alert] New Login to Your HealthRunCare Admin Account
[2025-11-22 14:47:20] SENT → aleruchi0987@gmail.com | Template: admin_login_alert | Subject: [Admin Security Alert] New Login to Your HealthRunCare Admin Account
[2025-11-22 15:35:54] SENT → aleruchi0987@gmail.com | Template: login_alert | Subject: [Security Alert] New Login Detected on Your HealthRunCare Account
[2025-11-22 15:35:58] SENT → support@healthruncare.com | Template: admin_user_login_notification | Subject: [User Login Alert] A User Has Just Logged In
[2025-11-22 15:36:13] SENT → aleruchi0987@gmail.com | Template: login_alert | Subject: [Security Alert] New Login Detected on Your HealthRunCare Account
[2025-11-22 15:36:17] SENT → support@healthruncare.com | Template: admin_user_login_notification | Subject: [User Login Alert] A User Has Just Logged In
[2025-11-22 15:36:24] SENT → aleruchi0987@gmail.com | Template: login_alert | Subject: [Security Alert] New Login Detected on Your HealthRunCare Account
[2025-11-22 15:36:29] SENT → support@healthruncare.com | Template: admin_user_login_notification | Subject: [User Login Alert] A User Has Just Logged In
[2025-11-22 15:37:48] SENT → aleruchi0987@gmail.com | Template: infrastructure_started | Subject: Your Infrastructure Investment Has Been Activated
[2025-11-22 15:37:53] SENT → support@healthruncare.com | Template: admin_infrastructure_notification | Subject: New Infrastructure Investment on HealthRunCare
[2025-11-22 15:41:22] SENT → aleruchi0987@gmail.com | Template: logout_notification | Subject: You Have Successfully Logged Out of Your HealthRunCare Account
[2025-11-22 15:42:33] SENT → Ezegedensil@gmail.com | Template: welcome_user | Subject: Welcome to HealthRunCare!
[2025-11-22 15:42:50] SENT → Ezegedensil@gmail.com | Template: logout_notification | Subject: You Have Successfully Logged Out of Your HealthRunCare Account
[2025-11-22 15:43:05] SENT → aleruchi0987@gmail.com | Template: admin_login_alert | Subject: [Admin Security Alert] New Login to Your HealthRunCare Admin Account
[2025-11-22 15:45:22] SENT → aleruchi0987@gmail.com | Template: admin_broadcast | Subject: Hosting Notice — HealthRunCare Platform
[2025-11-22 15:46:55] SENT → aleruchi0987@gmail.com | Template: admin_broadcast | Subject: Hosting Notice — HealthRunCare Platform
[2025-11-22 15:46:59] SENT → Ezegedensil@gmail.com | Template: admin_broadcast | Subject: Hosting Notice — HealthRunCare Platform
[2025-11-22 17:27:15] SENT → aleruchi0987@gmail.com | Template: login_alert | Subject: [Security Alert] New Login Detected on Your HealthRunCare Account
[2025-11-22 17:27:20] SENT → support@healthruncare.com | Template: admin_user_login_notification | Subject: [User Login Alert] A User Has Just Logged In
[2025-11-22 17:30:51] SENT → support@healthruncare.com | Template: admin_holdlock_notification | Subject: New HoldLock Plan Started on HealthRunCare
[2025-11-22 17:30:51] SENT → aleruchi0987@gmail.com | Template: holdlock_started | Subject: Your HoldLock Plan Has Been Activated
[2025-11-22 17:35:12] SENT → aleruchi0987@gmail.com | Template: trustfund_started | Subject: Your TrustFund Plan Has Been Activated
[2025-11-22 17:35:15] SENT → support@healthruncare.com | Template: admin_trustfund_notification | Subject: New TrustFund Plan Started on HealthRunCare
[2025-11-22 17:52:10] SENT → aleruchi0987@gmail.com | Template: logout_notification | Subject: You Have Successfully Logged Out of Your HealthRunCare Account
[2025-11-22 17:52:29] SENT → aleruchi0987@gmail.com | Template: admin_login_alert | Subject: [Admin Security Alert] New Login to Your HealthRunCare Admin Account
[2025-11-22 17:53:20] SENT → aleruchi0987@gmail.com | Template: login_alert | Subject: [Security Alert] New Login Detected on Your HealthRunCare Account
[2025-11-22 17:53:26] SENT → support@healthruncare.com | Template: admin_user_login_notification | Subject: [User Login Alert] A User Has Just Logged In
[2025-11-22 20:27:31] SENT → aleruchi0987@gmail.com | Template: maintenance_started | Subject: Your Maintenance & Development Plan Has Been Activated
[2025-11-22 20:27:35] SENT → support@healthruncare.com | Template: admin_maintenance_notification | Subject: New Maintenance Development Plan Activated
[2025-11-22 20:28:58] SENT → aleruchi0987@gmail.com | Template: logout_notification | Subject: You Have Successfully Logged Out of Your HealthRunCare Account
[2025-11-22 20:43:49] SENT → aleruchi0987@gmail.com | Template: admin_login_alert | Subject: [Admin Security Alert] New Login to Your HealthRunCare Admin Account
